<?xml version="1.0" encoding="UTF-8" standalone="no"?>
<!DOCTYPE log SYSTEM "logger.dtd">
<log>
<record>
  <date>2019-10-07T17:42:03.695-0300</date>
  <logger>GABRIEL DE LACERDA BRANDAO</logger>
  <level>FINE</level>
  <message>File 118210853-GABRIEL DE LACERDA BRANDAO.zip was received. It was sent by GABRIEL DE LACERDA BRANDAO from IP 150.165.42.176 at 07-10-2019 17*42*03</message>
</record>
</log>
<?xml version="1.0" encoding="UTF-8" standalone="no"?>
<!DOCTYPE log SYSTEM "logger.dtd">
<log>
<record>
  <date>2019-10-07T17:50:40.615-0300</date>
  <logger>GABRIEL DE LACERDA BRANDAO</logger>
  <level>FINE</level>
  <message>File 118210853-GABRIEL DE LACERDA BRANDAO.zip was received. It was sent by GABRIEL DE LACERDA BRANDAO from IP 150.165.42.176 at 07-10-2019 17*50*40</message>
</record>
</log>
<?xml version="1.0" encoding="UTF-8" standalone="no"?>
<!DOCTYPE log SYSTEM "logger.dtd">
<log>
<record>
  <date>2019-10-07T17:53:21.933-0300</date>
  <logger>GABRIEL DE LACERDA BRANDAO</logger>
  <level>FINE</level>
  <message>File 118210853-GABRIEL DE LACERDA BRANDAO.zip was received. It was sent by GABRIEL DE LACERDA BRANDAO from IP 150.165.42.176 at 07-10-2019 17*53*21</message>
</record>
</log>
<?xml version="1.0" encoding="UTF-8" standalone="no"?>
<!DOCTYPE log SYSTEM "logger.dtd">
<log>
<record>
  <date>2019-10-08T17:35:23.002-0300</date>
  <logger>GABRIEL DE LACERDA BRANDAO</logger>
  <level>FINE</level>
  <message>File 118210853-GABRIEL DE LACERDA BRANDAO.zip was received. It was sent by GABRIEL DE LACERDA BRANDAO from IP 192.168.0.103 at 08-10-2019 17*35*22</message>
</record>
