<?xml version="1.0" encoding="UTF-8" standalone="no"?>
<!DOCTYPE log SYSTEM "logger.dtd">
<log>
<record>
  <date>2019-10-10T19:02:20.138-0300</date>
  <logger>GABRIEL DE LACERDA BRANDAO</logger>
  <level>FINE</level>
  <message>File 118210853-GABRIEL DE LACERDA BRANDAO.zip was received. It was sent by GABRIEL DE LACERDA BRANDAO from IP 192.168.0.106 at 10-10-2019 19*02*20</message>
</record>
</log>
<?xml version="1.0" encoding="UTF-8" standalone="no"?>
<!DOCTYPE log SYSTEM "logger.dtd">
<log>
<record>
  <date>2019-10-10T20:35:21.887-0300</date>
  <logger>GABRIEL DE LACERDA BRANDAO</logger>
  <level>FINE</level>
  <message>File 118210853-GABRIEL DE LACERDA BRANDAO.zip was received. It was sent by GABRIEL DE LACERDA BRANDAO from IP 192.168.0.106 at 10-10-2019 20*35*21</message>
</record>
</log>
<?xml version="1.0" encoding="UTF-8" standalone="no"?>
<!DOCTYPE log SYSTEM "logger.dtd">
<log>
<record>
  <date>2019-10-10T20:36:26.059-0300</date>
  <logger>GABRIEL DE LACERDA BRANDAO</logger>
  <level>FINE</level>
  <message>File 118210853-GABRIEL DE LACERDA BRANDAO.zip was received. It was sent by GABRIEL DE LACERDA BRANDAO from IP 192.168.0.106 at 10-10-2019 20*36*26</message>
</record>
