<?xml version="1.0" encoding="UTF-8" standalone="no"?>
<!DOCTYPE log SYSTEM "logger.dtd">
<log>
<record>
  <date>2019-08-26T16:30:47.869-0300</date>
  <logger>GABRIEL DE LACERDA BRANDAO</logger>
  <level>FINE</level>
  <message>File 118210853-GABRIEL DE LACERDA BRANDAO.zip was received. It was sent by GABRIEL DE LACERDA BRANDAO from IP 150.165.42.173 at 26-08-2019 16*30*47</message>
</record>
</log>
<?xml version="1.0" encoding="UTF-8" standalone="no"?>
<!DOCTYPE log SYSTEM "logger.dtd">
<log>
<record>
  <date>2019-08-26T17:32:49.156-0300</date>
  <logger>GABRIEL DE LACERDA BRANDAO</logger>
  <level>FINE</level>
  <message>File 118210853-GABRIEL DE LACERDA BRANDAO.zip was received. It was sent by GABRIEL DE LACERDA BRANDAO from IP 150.165.42.173 at 26-08-2019 17*32*49</message>
</record>
</log>
<?xml version="1.0" encoding="UTF-8" standalone="no"?>
<!DOCTYPE log SYSTEM "logger.dtd">
<log>
<record>
  <date>2019-08-26T20:49:39.639-0300</date>
  <logger>GABRIEL DE LACERDA BRANDAO</logger>
  <level>FINE</level>
  <message>File 118210853-GABRIEL DE LACERDA BRANDAO.zip was received. It was sent by GABRIEL DE LACERDA BRANDAO from IP 192.168.0.105 at 26-08-2019 20*49*39</message>
</record>
</log>
<?xml version="1.0" encoding="UTF-8" standalone="no"?>
<!DOCTYPE log SYSTEM "logger.dtd">
<log>
<record>
  <date>2019-08-26T21:38:23.277-0300</date>
  <logger>GABRIEL DE LACERDA BRANDAO</logger>
  <level>FINE</level>
  <message>File 118210853-GABRIEL DE LACERDA BRANDAO.zip was received. It was sent by GABRIEL DE LACERDA BRANDAO from IP 192.168.0.105 at 26-08-2019 21*38*23</message>
</record>
