<?xml version="1.0" encoding="UTF-8" standalone="no"?>
<!DOCTYPE log SYSTEM "logger.dtd">
<log>
<record>
  <date>2019-09-26T15:53:47.418-0300</date>
  <logger>GABRIEL DE LACERDA BRANDAO</logger>
  <level>FINE</level>
  <message>File 118210853-GABRIEL DE LACERDA BRANDAO.zip was received. It was sent by GABRIEL DE LACERDA BRANDAO from IP 150.165.42.175 at 26-09-2019 15*53*47</message>
</record>
</log>
<?xml version="1.0" encoding="UTF-8" standalone="no"?>
<!DOCTYPE log SYSTEM "logger.dtd">
<log>
<record>
  <date>2019-09-26T22:54:23.329-0300</date>
  <logger>GABRIEL DE LACERDA BRANDAO</logger>
  <level>FINE</level>
  <message>File 118210853-GABRIEL DE LACERDA BRANDAO.zip was received. It was sent by GABRIEL DE LACERDA BRANDAO from IP 192.168.0.108 at 26-09-2019 22*54*23</message>
</record>
</log>
<?xml version="1.0" encoding="UTF-8" standalone="no"?>
<!DOCTYPE log SYSTEM "logger.dtd">
<log>
<record>
  <date>2019-09-26T23:23:57.784-0300</date>
  <logger>GABRIEL DE LACERDA BRANDAO</logger>
  <level>FINE</level>
  <message>File 118210853-GABRIEL DE LACERDA BRANDAO.zip was received. It was sent by GABRIEL DE LACERDA BRANDAO from IP 192.168.0.108 at 26-09-2019 23*23*57</message>
</record>
